D:\WORK\TEMP\PROJECTS\SQUARELINE\SQUARELINE\DEBUG\SQUARELINE.OBJ
D:\WORK\TEMP\PROJECTS\SQUARELINE\SQUARELINE\DEBUG\VC110.PDB
D:\WORK\TEMP\PROJECTS\SQUARELINE\DEBUG\SQUARELINE.ILK
D:\WORK\TEMP\PROJECTS\SQUARELINE\DEBUG\SQUARELINE.EXE
D:\WORK\TEMP\PROJECTS\SQUARELINE\DEBUG\SQUARELINE.PDB
D:\Work\Temp\projects\SquareLine\SquareLine\Debug\SquareLine.obj
D:\Work\Temp\projects\SquareLine\SquareLine\Debug\cl.command.1.tlog
D:\Work\Temp\projects\SquareLine\SquareLine\Debug\CL.read.1.tlog
D:\Work\Temp\projects\SquareLine\SquareLine\Debug\CL.write.1.tlog
D:\Work\Temp\projects\SquareLine\SquareLine\Debug\link-cvtres.read.1.tlog
D:\Work\Temp\projects\SquareLine\SquareLine\Debug\link-cvtres.write.1.tlog
D:\Work\Temp\projects\SquareLine\SquareLine\Debug\link-rc.read.1.tlog
D:\Work\Temp\projects\SquareLine\SquareLine\Debug\link-rc.write.1.tlog
D:\Work\Temp\projects\SquareLine\SquareLine\Debug\link.5400-cvtres.read.1.tlog
D:\Work\Temp\projects\SquareLine\SquareLine\Debug\link.5400-cvtres.write.1.tlog
D:\Work\Temp\projects\SquareLine\SquareLine\Debug\link.5400-rc.read.1.tlog
D:\Work\Temp\projects\SquareLine\SquareLine\Debug\link.5400-rc.write.1.tlog
D:\Work\Temp\projects\SquareLine\SquareLine\Debug\link.5400.read.1.tlog
D:\Work\Temp\projects\SquareLine\SquareLine\Debug\link.5400.write.1.tlog
D:\Work\Temp\projects\SquareLine\SquareLine\Debug\link.command.1.tlog
D:\Work\Temp\projects\SquareLine\SquareLine\Debug\link.read.1.tlog
D:\Work\Temp\projects\SquareLine\SquareLine\Debug\link.write.1.tlog
D:\Work\Temp\projects\SquareLine\SquareLine\Debug\vc110.idb
D:\Work\Temp\projects\SquareLine\SquareLine\Debug\vc110.pdb
D:\Work\Temp\projects\SquareLine\Debug\SquareLine.pdb
D:\Work\Temp\projects\SquareLine\Debug\SquareLine.exe
D:\Work\Temp\projects\SquareLine\Debug\SquareLine.ilk
